# JRE version: Java(TM) SE Runtime Environment (8.0_191-b12) (build 1.8.0_191-b12)
# Java VM: Java HotSpot(TM) Client VM (25.191-b12 mixed mode windows-x86 )
Heap:
 def new generation   total 40384K, used 7022K [0x05200000, 0x07dd0000, 0x0fca0000)
  eden space 35904K,  13% used [0x05200000, 0x05694fd0, 0x07510000)
  from space 4480K,  52% used [0x07970000, 0x07bb69f8, 0x07dd0000)
  to   space 4480K,   0% used [0x07510000, 0x07510000, 0x07970000)
 tenured generation   total 89676K, used 54347K [0x0fca0000, 0x15433000, 0x25200000)
   the space 89676K,  60% used [0x0fca0000, 0x131b2e18, 0x131b3000, 0x15433000)
 Metaspace       used 25577K, capacity 26274K, committed 26624K, reserved 27008K
GC Heap History (10 events):
Event: 6002.831 GC heap before
{Heap before GC invocations=27 (full 3):
 def new generation   total 40384K, used 37357K [0x05200000, 0x07dd0000, 0x0fca0000)
  eden space 35904K, 100% used [0x05200000, 0x07510000, 0x07510000)
  from space 4480K,  32% used [0x07510000, 0x0767b430, 0x07970000)
  to   space 4480K,   0% used [0x07970000, 0x07970000, 0x07dd0000)
 tenured generation   total 89676K, used 54347K [0x0fca0000, 0x15433000, 0x25200000)
   the space 89676K,  60% used [0x0fca0000, 0x131b2e18, 0x131b3000, 0x15433000)
 Metaspace       used 25217K, capacity 25912K, committed 26240K, reserved 27008K
Event: 6002.842 GC heap after
Heap after GC invocations=28 (full 3):
 def new generation   total 40384K, used 1450K [0x05200000, 0x07dd0000, 0x0fca0000)
  eden space 35904K,   0% used [0x05200000, 0x05200000, 0x07510000)
  from space 4480K,  32% used [0x07970000, 0x07adaab8, 0x07dd0000)
  to   space 4480K,   0% used [0x07510000, 0x07510000, 0x07970000)
 tenured generation   total 89676K, used 54347K [0x0fca0000, 0x15433000, 0x25200000)
   the space 89676K,  60% used [0x0fca0000, 0x131b2e18, 0x131b3000, 0x15433000)
 Metaspace       used 25217K, capacity 25912K, committed 26240K, reserved 27008K
}
Event: 6380.328 GC heap before
{Heap before GC invocations=28 (full 3):
 def new generation   total 40384K, used 37354K [0x05200000, 0x07dd0000, 0x0fca0000)
  eden space 35904K, 100% used [0x05200000, 0x07510000, 0x07510000)
  from space 4480K,  32% used [0x07970000, 0x07adaab8, 0x07dd0000)
  to   space 4480K,   0% used [0x07510000, 0x07510000, 0x07970000)
 tenured generation   total 89676K, used 54347K [0x0fca0000, 0x15433000, 0x25200000)
   the space 89676K,  60% used [0x0fca0000, 0x131b2e18, 0x131b3000, 0x15433000)
 Metaspace       used 25547K, capacity 26237K, committed 26624K, reserved 27008K
Event: 6380.343 GC heap after
Heap after GC invocations=29 (full 3):
 def new generation   total 40384K, used 2035K [0x05200000, 0x07dd0000, 0x0fca0000)
  eden space 35904K,   0% used [0x05200000, 0x05200000, 0x07510000)
  from space 4480K,  45% used [0x07510000, 0x0770cfa8, 0x07970000)
  to   space 4480K,   0% used [0x07970000, 0x07970000, 0x07dd0000)
 tenured generation   total 89676K, used 54347K [0x0fca0000, 0x15433000, 0x25200000)
   the space 89676K,  60% used [0x0fca0000, 0x131b2e18, 0x131b3000, 0x15433000)
 Metaspace       used 25547K, capacity 26237K, committed 26624K, reserved 27008K
}
Event: 6593.393 GC heap before
{Heap before GC invocations=29 (full 3):
 def new generation   total 40384K, used 37939K [0x05200000, 0x07dd0000, 0x0fca0000)
  eden space 35904K, 100% used [0x05200000, 0x07510000, 0x07510000)
  from space 4480K,  45% used [0x07510000, 0x0770cfc0, 0x07970000)
  to   space 4480K,   0% used [0x07970000, 0x07970000, 0x07dd0000)
 tenured generation   total 89676K, used 54347K [0x0fca0000, 0x15433000, 0x25200000)
   the space 89676K,  60% used [0x0fca0000, 0x131b2e18, 0x131b3000, 0x15433000)
 Metaspace       used 25548K, capacity 26237K, committed 26624K, reserved 27008K
Event: 6593.403 GC heap after
Heap after GC invocations=30 (full 3):
 def new generation   total 40384K, used 2184K [0x05200000, 0x07dd0000, 0x0fca0000)
  eden space 35904K,   0% used [0x05200000, 0x05200000, 0x07510000)
  from space 4480K,  48% used [0x07970000, 0x07b922b0, 0x07dd0000)
  to   space 4480K,   0% used [0x07510000, 0x07510000, 0x07970000)
 tenured generation   total 89676K, used 54347K [0x0fca0000, 0x15433000, 0x25200000)
   the space 89676K,  60% used [0x0fca0000, 0x131b2e18, 0x131b3000, 0x15433000)
 Metaspace       used 25548K, capacity 26237K, committed 26624K, reserved 27008K
}
Event: 6657.296 GC heap before
{Heap before GC invocations=30 (full 3):
 def new generation   total 40384K, used 38088K [0x05200000, 0x07dd0000, 0x0fca0000)
  eden space 35904K, 100% used [0x05200000, 0x07510000, 0x07510000)
  from space 4480K,  48% used [0x07970000, 0x07b922b0, 0x07dd0000)
  to   space 4480K,   0% used [0x07510000, 0x07510000, 0x07970000)
 tenured generation   total 89676K, used 54347K [0x0fca0000, 0x15433000, 0x25200000)
   the space 89676K,  60% used [0x0fca0000, 0x131b2e18, 0x131b3000, 0x15433000)
 Metaspace       used 25553K, capacity 26237K, committed 26624K, reserved 27008K
Event: 6657.301 GC heap after
Heap after GC invocations=31 (full 3):
 def new generation   total 40384K, used 2180K [0x05200000, 0x07dd0000, 0x0fca0000)
  eden space 35904K,   0% used [0x05200000, 0x05200000, 0x07510000)
  from space 4480K,  48% used [0x07510000, 0x07731068, 0x07970000)
  to   space 4480K,   0% used [0x07970000, 0x07970000, 0x07dd0000)
 tenured generation   total 89676K, used 54347K [0x0fca0000, 0x15433000, 0x25200000)
   the space 89676K,  60% used [0x0fca0000, 0x131b2e18, 0x131b3000, 0x15433000)
 Metaspace       used 25553K, capacity 26237K, committed 26624K, reserved 27008K
}
Event: 6890.609 GC heap before
{Heap before GC invocations=31 (full 3):
 def new generation   total 40384K, used 38084K [0x05200000, 0x07dd0000, 0x0fca0000)
  eden space 35904K, 100% used [0x05200000, 0x07510000, 0x07510000)
  from space 4480K,  48% used [0x07510000, 0x07731068, 0x07970000)
  to   space 4480K,   0% used [0x07970000, 0x07970000, 0x07dd0000)
 tenured generation   total 89676K, used 54347K [0x0fca0000, 0x15433000, 0x25200000)
   the space 89676K,  60% used [0x0fca0000, 0x131b2e18, 0x131b3000, 0x15433000)
 Metaspace       used 25570K, capacity 26274K, committed 26624K, reserved 27008K
Event: 6890.615 GC heap after
Heap after GC invocations=32 (full 3):
 def new generation   total 40384K, used 2330K [0x05200000, 0x07dd0000, 0x0fca0000)
  eden space 35904K,   0% used [0x05200000, 0x05200000, 0x07510000)
  from space 4480K,  52% used [0x07970000, 0x07bb69f8, 0x07dd0000)
  to   space 4480K,   0% used [0x07510000, 0x07510000, 0x07970000)
 tenured generation   total 89676K, used 54347K [0x0fca0000, 0x15433000, 0x25200000)
   the space 89676K,  60% used [0x0fca0000, 0x131b2e18, 0x131b3000, 0x15433000)
 Metaspace       used 25570K, capacity 26274K, committed 26624K, reserved 27008K
}

