# JRE version: Java(TM) SE Runtime Environment (8.0_191-b12) (build 1.8.0_191-b12)
# Java VM: Java HotSpot(TM) Client VM (25.191-b12 mixed mode windows-x86 )
Heap:
 def new generation   total 42496K, used 27826K [0x04e00000, 0x07c10000, 0x0f8a0000)
  eden space 37824K,  61% used [0x04e00000, 0x064cf890, 0x072f0000)
  from space 4672K,  95% used [0x07780000, 0x07bdd1e8, 0x07c10000)
  to   space 4672K,   0% used [0x072f0000, 0x072f0000, 0x07780000)
 tenured generation   total 94140K, used 61151K [0x0f8a0000, 0x1548f000, 0x24e00000)
   the space 94140K,  64% used [0x0f8a0000, 0x13457c00, 0x13457c00, 0x1548f000)
 Metaspace       used 26029K, capacity 26739K, committed 27136K, reserved 28032K
GC Heap History (10 events):
Event: 818.540 GC heap before
{Heap before GC invocations=21 (full 3):
 def new generation   total 42496K, used 42496K [0x04e00000, 0x07c10000, 0x0f8a0000)
  eden space 37824K, 100% used [0x04e00000, 0x072f0000, 0x072f0000)
  from space 4672K, 100% used [0x072f0000, 0x07780000, 0x07780000)
  to   space 4672K,   0% used [0x07780000, 0x07780000, 0x07c10000)
 tenured generation   total 94140K, used 56725K [0x0f8a0000, 0x1548f000, 0x24e00000)
   the space 94140K,  60% used [0x0f8a0000, 0x13005690, 0x13005800, 0x1548f000)
 Metaspace       used 25795K, capacity 26505K, committed 26880K, reserved 27008K
Event: 818.546 GC heap after
Heap after GC invocations=22 (full 3):
 def new generation   total 42496K, used 374K [0x04e00000, 0x07c10000, 0x0f8a0000)
  eden space 37824K,   0% used [0x04e00000, 0x04e00000, 0x072f0000)
  from space 4672K,   8% used [0x07780000, 0x077dd828, 0x07c10000)
  to   space 4672K,   0% used [0x072f0000, 0x072f0000, 0x07780000)
 tenured generation   total 94140K, used 61151K [0x0f8a0000, 0x1548f000, 0x24e00000)
   the space 94140K,  64% used [0x0f8a0000, 0x13457c00, 0x13457c00, 0x1548f000)
 Metaspace       used 25795K, capacity 26505K, committed 26880K, reserved 27008K
}
Event: 827.213 GC heap before
{Heap before GC invocations=22 (full 3):
 def new generation   total 42496K, used 38198K [0x04e00000, 0x07c10000, 0x0f8a0000)
  eden space 37824K, 100% used [0x04e00000, 0x072f0000, 0x072f0000)
  from space 4672K,   8% used [0x07780000, 0x077dd828, 0x07c10000)
  to   space 4672K,   0% used [0x072f0000, 0x072f0000, 0x07780000)
 tenured generation   total 94140K, used 61151K [0x0f8a0000, 0x1548f000, 0x24e00000)
   the space 94140K,  64% used [0x0f8a0000, 0x13457c00, 0x13457c00, 0x1548f000)
 Metaspace       used 25808K, capacity 26537K, committed 26880K, reserved 27008K
Event: 827.216 GC heap after
Heap after GC invocations=23 (full 3):
 def new generation   total 42496K, used 1941K [0x04e00000, 0x07c10000, 0x0f8a0000)
  eden space 37824K,   0% used [0x04e00000, 0x04e00000, 0x072f0000)
  from space 4672K,  41% used [0x072f0000, 0x074d5560, 0x07780000)
  to   space 4672K,   0% used [0x07780000, 0x07780000, 0x07c10000)
 tenured generation   total 94140K, used 61151K [0x0f8a0000, 0x1548f000, 0x24e00000)
   the space 94140K,  64% used [0x0f8a0000, 0x13457c00, 0x13457c00, 0x1548f000)
 Metaspace       used 25808K, capacity 26537K, committed 26880K, reserved 27008K
}
Event: 1041.569 GC heap before
{Heap before GC invocations=23 (full 3):
 def new generation   total 42496K, used 39758K [0x04e00000, 0x07c10000, 0x0f8a0000)
  eden space 37824K,  99% used [0x04e00000, 0x072ee418, 0x072f0000)
  from space 4672K,  41% used [0x072f0000, 0x074d5560, 0x07780000)
  to   space 4672K,   0% used [0x07780000, 0x07780000, 0x07c10000)
 tenured generation   total 94140K, used 61151K [0x0f8a0000, 0x1548f000, 0x24e00000)
   the space 94140K,  64% used [0x0f8a0000, 0x13457c00, 0x13457c00, 0x1548f000)
 Metaspace       used 26004K, capacity 26732K, committed 27136K, reserved 28032K
Event: 1041.573 GC heap after
Heap after GC invocations=24 (full 3):
 def new generation   total 42496K, used 1435K [0x04e00000, 0x07c10000, 0x0f8a0000)
  eden space 37824K,   0% used [0x04e00000, 0x04e00000, 0x072f0000)
  from space 4672K,  30% used [0x07780000, 0x078e6e98, 0x07c10000)
  to   space 4672K,   0% used [0x072f0000, 0x072f0000, 0x07780000)
 tenured generation   total 94140K, used 61151K [0x0f8a0000, 0x1548f000, 0x24e00000)
   the space 94140K,  64% used [0x0f8a0000, 0x13457c00, 0x13457c00, 0x1548f000)
 Metaspace       used 26004K, capacity 26732K, committed 27136K, reserved 28032K
}
Event: 1938.170 GC heap before
{Heap before GC invocations=24 (full 3):
 def new generation   total 42496K, used 39259K [0x04e00000, 0x07c10000, 0x0f8a0000)
  eden space 37824K, 100% used [0x04e00000, 0x072f0000, 0x072f0000)
  from space 4672K,  30% used [0x07780000, 0x078e6e98, 0x07c10000)
  to   space 4672K,   0% used [0x072f0000, 0x072f0000, 0x07780000)
 tenured generation   total 94140K, used 61151K [0x0f8a0000, 0x1548f000, 0x24e00000)
   the space 94140K,  64% used [0x0f8a0000, 0x13457c00, 0x13457c00, 0x1548f000)
 Metaspace       used 26017K, capacity 26732K, committed 27136K, reserved 28032K
Event: 1938.177 GC heap after
Heap after GC invocations=25 (full 3):
 def new generation   total 42496K, used 1701K [0x04e00000, 0x07c10000, 0x0f8a0000)
  eden space 37824K,   0% used [0x04e00000, 0x04e00000, 0x072f0000)
  from space 4672K,  36% used [0x072f0000, 0x074995e0, 0x07780000)
  to   space 4672K,   0% used [0x07780000, 0x07780000, 0x07c10000)
 tenured generation   total 94140K, used 61151K [0x0f8a0000, 0x1548f000, 0x24e00000)
   the space 94140K,  64% used [0x0f8a0000, 0x13457c00, 0x13457c00, 0x1548f000)
 Metaspace       used 26017K, capacity 26732K, committed 27136K, reserved 28032K
}
Event: 2466.228 GC heap before
{Heap before GC invocations=25 (full 3):
 def new generation   total 42496K, used 39525K [0x04e00000, 0x07c10000, 0x0f8a0000)
  eden space 37824K, 100% used [0x04e00000, 0x072f0000, 0x072f0000)
  from space 4672K,  36% used [0x072f0000, 0x074995e0, 0x07780000)
  to   space 4672K,   0% used [0x07780000, 0x07780000, 0x07c10000)
 tenured generation   total 94140K, used 61151K [0x0f8a0000, 0x1548f000, 0x24e00000)
   the space 94140K,  64% used [0x0f8a0000, 0x13457c00, 0x13457c00, 0x1548f000)
 Metaspace       used 26025K, capacity 26737K, committed 27136K, reserved 28032K
Event: 2466.235 GC heap after
Heap after GC invocations=26 (full 3):
 def new generation   total 42496K, used 4468K [0x04e00000, 0x07c10000, 0x0f8a0000)
  eden space 37824K,   0% used [0x04e00000, 0x04e00000, 0x072f0000)
  from space 4672K,  95% used [0x07780000, 0x07bdd1e8, 0x07c10000)
  to   space 4672K,   0% used [0x072f0000, 0x072f0000, 0x07780000)
 tenured generation   total 94140K, used 61151K [0x0f8a0000, 0x1548f000, 0x24e00000)
   the space 94140K,  64% used [0x0f8a0000, 0x13457c00, 0x13457c00, 0x1548f000)
 Metaspace       used 26025K, capacity 26737K, committed 27136K, reserved 28032K
}

