# JRE version: Java(TM) SE Runtime Environment (8.0_191-b12) (build 1.8.0_191-b12)
# Java VM: Java HotSpot(TM) Client VM (25.191-b12 mixed mode windows-x86 )
Heap:
 def new generation   total 39424K, used 34155K [0x04a00000, 0x074c0000, 0x0f4a0000)
  eden space 35072K,  84% used [0x04a00000, 0x0671afb0, 0x06c40000)
  from space 4352K, 100% used [0x06c40000, 0x07080000, 0x07080000)
  to   space 4352K,   0% used [0x07080000, 0x07080000, 0x074c0000)
 tenured generation   total 87424K, used 83730K [0x0f4a0000, 0x14a00000, 0x24a00000)
   the space 87424K,  95% used [0x0f4a0000, 0x14664bb0, 0x14664c00, 0x14a00000)
 Metaspace       used 25582K, capacity 26337K, committed 26368K, reserved 27008K
GC Heap History (10 events):
Event: 10.434 GC heap before
{Heap before GC invocations=13 (full 1):
 def new generation   total 39424K, used 21086K [0x04a00000, 0x074c0000, 0x0f4a0000)
  eden space 35072K,  49% used [0x04a00000, 0x05af4590, 0x06c40000)
  from space 4352K,  85% used [0x06c40000, 0x06fe3460, 0x07080000)
  to   space 4352K,   0% used [0x07080000, 0x07080000, 0x074c0000)
 tenured generation   total 87424K, used 41851K [0x0f4a0000, 0x14a00000, 0x24a00000)
   the space 87424K,  47% used [0x0f4a0000, 0x11d7ee00, 0x11d7ee00, 0x14a00000)
 Metaspace       used 19890K, capacity 20449K, committed 20480K, reserved 20864K
Event: 10.525 GC heap after
Heap after GC invocations=14 (full 2):
 def new generation   total 39424K, used 0K [0x04a00000, 0x074c0000, 0x0f4a0000)
  eden space 35072K,   0% used [0x04a00000, 0x04a00000, 0x06c40000)
  from space 4352K,   0% used [0x06c40000, 0x06c40000, 0x07080000)
  to   space 4352K,   0% used [0x07080000, 0x07080000, 0x074c0000)
 tenured generation   total 87424K, used 45267K [0x0f4a0000, 0x14a00000, 0x24a00000)
   the space 87424K,  51% used [0x0f4a0000, 0x120d4d30, 0x120d4e00, 0x14a00000)
 Metaspace       used 19890K, capacity 20449K, committed 20480K, reserved 20864K
}
Event: 22.729 GC heap before
{Heap before GC invocations=14 (full 2):
 def new generation   total 39424K, used 35072K [0x04a00000, 0x074c0000, 0x0f4a0000)
  eden space 35072K, 100% used [0x04a00000, 0x06c40000, 0x06c40000)
  from space 4352K,   0% used [0x06c40000, 0x06c40000, 0x07080000)
  to   space 4352K,   0% used [0x07080000, 0x07080000, 0x074c0000)
 tenured generation   total 87424K, used 45267K [0x0f4a0000, 0x14a00000, 0x24a00000)
   the space 87424K,  51% used [0x0f4a0000, 0x120d4d30, 0x120d4e00, 0x14a00000)
 Metaspace       used 23599K, capacity 24226K, committed 24320K, reserved 24960K
Event: 22.752 GC heap after
Heap after GC invocations=15 (full 2):
 def new generation   total 39424K, used 4352K [0x04a00000, 0x074c0000, 0x0f4a0000)
  eden space 35072K,   0% used [0x04a00000, 0x04a00000, 0x06c40000)
  from space 4352K, 100% used [0x07080000, 0x074c0000, 0x074c0000)
  to   space 4352K,   0% used [0x06c40000, 0x06c40000, 0x07080000)
 tenured generation   total 87424K, used 54895K [0x0f4a0000, 0x14a00000, 0x24a00000)
   the space 87424K,  62% used [0x0f4a0000, 0x12a3bf70, 0x12a3c000, 0x14a00000)
 Metaspace       used 23599K, capacity 24226K, committed 24320K, reserved 24960K
}
Event: 84.420 GC heap before
{Heap before GC invocations=15 (full 2):
 def new generation   total 39424K, used 39284K [0x04a00000, 0x074c0000, 0x0f4a0000)
  eden space 35072K,  99% used [0x04a00000, 0x06c1d298, 0x06c40000)
  from space 4352K, 100% used [0x07080000, 0x074c0000, 0x074c0000)
  to   space 4352K,   0% used [0x06c40000, 0x06c40000, 0x07080000)
 tenured generation   total 87424K, used 54895K [0x0f4a0000, 0x14a00000, 0x24a00000)
   the space 87424K,  62% used [0x0f4a0000, 0x12a3bf70, 0x12a3c000, 0x14a00000)
 Metaspace       used 24750K, capacity 25449K, committed 25472K, reserved 25984K
Event: 84.437 GC heap after
Heap after GC invocations=16 (full 2):
 def new generation   total 39424K, used 2269K [0x04a00000, 0x074c0000, 0x0f4a0000)
  eden space 35072K,   0% used [0x04a00000, 0x04a00000, 0x06c40000)
  from space 4352K,  52% used [0x06c40000, 0x06e77630, 0x07080000)
  to   space 4352K,   0% used [0x07080000, 0x07080000, 0x074c0000)
 tenured generation   total 87424K, used 66922K [0x0f4a0000, 0x14a00000, 0x24a00000)
   the space 87424K,  76% used [0x0f4a0000, 0x135fa900, 0x135faa00, 0x14a00000)
 Metaspace       used 24750K, capacity 25449K, committed 25472K, reserved 25984K
}
Event: 84.574 GC heap before
{Heap before GC invocations=16 (full 2):
 def new generation   total 39424K, used 37341K [0x04a00000, 0x074c0000, 0x0f4a0000)
  eden space 35072K, 100% used [0x04a00000, 0x06c40000, 0x06c40000)
  from space 4352K,  52% used [0x06c40000, 0x06e77630, 0x07080000)
  to   space 4352K,   0% used [0x07080000, 0x07080000, 0x074c0000)
 tenured generation   total 87424K, used 66922K [0x0f4a0000, 0x14a00000, 0x24a00000)
   the space 87424K,  76% used [0x0f4a0000, 0x135fa900, 0x135faa00, 0x14a00000)
 Metaspace       used 24794K, capacity 25531K, committed 25600K, reserved 25984K
Event: 84.589 GC heap after
Heap after GC invocations=17 (full 2):
 def new generation   total 39424K, used 4352K [0x04a00000, 0x074c0000, 0x0f4a0000)
  eden space 35072K,   0% used [0x04a00000, 0x04a00000, 0x06c40000)
  from space 4352K, 100% used [0x07080000, 0x074c0000, 0x074c0000)
  to   space 4352K,   0% used [0x06c40000, 0x06c40000, 0x07080000)
 tenured generation   total 87424K, used 71393K [0x0f4a0000, 0x14a00000, 0x24a00000)
   the space 87424K,  81% used [0x0f4a0000, 0x13a587f8, 0x13a58800, 0x14a00000)
 Metaspace       used 24794K, capacity 25531K, committed 25600K, reserved 25984K
}
Event: 171.955 GC heap before
{Heap before GC invocations=17 (full 2):
 def new generation   total 39424K, used 39424K [0x04a00000, 0x074c0000, 0x0f4a0000)
  eden space 35072K, 100% used [0x04a00000, 0x06c40000, 0x06c40000)
  from space 4352K, 100% used [0x07080000, 0x074c0000, 0x074c0000)
  to   space 4352K,   0% used [0x06c40000, 0x06c40000, 0x07080000)
 tenured generation   total 87424K, used 71393K [0x0f4a0000, 0x14a00000, 0x24a00000)
   the space 87424K,  81% used [0x0f4a0000, 0x13a587f8, 0x13a58800, 0x14a00000)
 Metaspace       used 25367K, capacity 26110K, committed 26240K, reserved 27008K
Event: 172.004 GC heap after
Heap after GC invocations=18 (full 2):
 def new generation   total 39424K, used 4352K [0x04a00000, 0x074c0000, 0x0f4a0000)
  eden space 35072K,   0% used [0x04a00000, 0x04a00000, 0x06c40000)
  from space 4352K, 100% used [0x06c40000, 0x07080000, 0x07080000)
  to   space 4352K,   0% used [0x07080000, 0x07080000, 0x074c0000)
 tenured generation   total 87424K, used 83730K [0x0f4a0000, 0x14a00000, 0x24a00000)
   the space 87424K,  95% used [0x0f4a0000, 0x14664bb0, 0x14664c00, 0x14a00000)
 Metaspace       used 25367K, capacity 26110K, committed 26240K, reserved 27008K
}

