# JRE version: Java(TM) SE Runtime Environment (8.0_191-b12) (build 1.8.0_191-b12)
# Java VM: Java HotSpot(TM) Client VM (25.191-b12 mixed mode windows-x86 )
Heap:
 def new generation   total 39424K, used 25092K [0x05200000, 0x07cc0000, 0x0fca0000)
  eden space 35072K,  66% used [0x05200000, 0x068c8910, 0x07440000)
  from space 4352K,  40% used [0x07880000, 0x07a38ac0, 0x07cc0000)
  to   space 4352K,   0% used [0x07440000, 0x07440000, 0x07880000)
 tenured generation   total 87424K, used 85152K [0x0fca0000, 0x15200000, 0x25200000)
   the space 87424K,  97% used [0x0fca0000, 0x14fc8130, 0x14fc8200, 0x15200000)
 Metaspace       used 26183K, capacity 26936K, committed 27008K, reserved 27008K
GC Heap History (10 events):
Event: 653.798 GC heap before
{Heap before GC invocations=18 (full 2):
 def new generation   total 39424K, used 39424K [0x05200000, 0x07cc0000, 0x0fca0000)
  eden space 35072K, 100% used [0x05200000, 0x07440000, 0x07440000)
  from space 4352K, 100% used [0x07440000, 0x07880000, 0x07880000)
  to   space 4352K,   0% used [0x07880000, 0x07880000, 0x07cc0000)
 tenured generation   total 87424K, used 76020K [0x0fca0000, 0x15200000, 0x25200000)
   the space 87424K,  86% used [0x0fca0000, 0x146dd358, 0x146dd400, 0x15200000)
 Metaspace       used 25850K, capacity 26601K, committed 26624K, reserved 27008K
Event: 653.815 GC heap after
Heap after GC invocations=19 (full 2):
 def new generation   total 39424K, used 3717K [0x05200000, 0x07cc0000, 0x0fca0000)
  eden space 35072K,   0% used [0x05200000, 0x05200000, 0x07440000)
  from space 4352K,  85% used [0x07880000, 0x07c21590, 0x07cc0000)
  to   space 4352K,   0% used [0x07440000, 0x07440000, 0x07880000)
 tenured generation   total 87424K, used 80347K [0x0fca0000, 0x15200000, 0x25200000)
   the space 87424K,  91% used [0x0fca0000, 0x14b16c90, 0x14b16e00, 0x15200000)
 Metaspace       used 25850K, capacity 26601K, committed 26624K, reserved 27008K
}
Event: 1351.686 GC heap before
{Heap before GC invocations=19 (full 2):
 def new generation   total 39424K, used 38789K [0x05200000, 0x07cc0000, 0x0fca0000)
  eden space 35072K, 100% used [0x05200000, 0x07440000, 0x07440000)
  from space 4352K,  85% used [0x07880000, 0x07c21590, 0x07cc0000)
  to   space 4352K,   0% used [0x07440000, 0x07440000, 0x07880000)
 tenured generation   total 87424K, used 80347K [0x0fca0000, 0x15200000, 0x25200000)
   the space 87424K,  91% used [0x0fca0000, 0x14b16c90, 0x14b16e00, 0x15200000)
 Metaspace       used 25863K, capacity 26606K, committed 26624K, reserved 27008K
Event: 1351.693 GC heap after
Heap after GC invocations=20 (full 2):
 def new generation   total 39424K, used 2914K [0x05200000, 0x07cc0000, 0x0fca0000)
  eden space 35072K,   0% used [0x05200000, 0x05200000, 0x07440000)
  from space 4352K,  66% used [0x07440000, 0x07718a38, 0x07880000)
  to   space 4352K,   0% used [0x07880000, 0x07880000, 0x07cc0000)
 tenured generation   total 87424K, used 83009K [0x0fca0000, 0x15200000, 0x25200000)
   the space 87424K,  94% used [0x0fca0000, 0x14db04f8, 0x14db0600, 0x15200000)
 Metaspace       used 25863K, capacity 26606K, committed 26624K, reserved 27008K
}
Event: 1797.849 GC heap before
{Heap before GC invocations=20 (full 2):
 def new generation   total 39424K, used 37986K [0x05200000, 0x07cc0000, 0x0fca0000)
  eden space 35072K, 100% used [0x05200000, 0x07440000, 0x07440000)
  from space 4352K,  66% used [0x07440000, 0x07718a38, 0x07880000)
  to   space 4352K,   0% used [0x07880000, 0x07880000, 0x07cc0000)
 tenured generation   total 87424K, used 83009K [0x0fca0000, 0x15200000, 0x25200000)
   the space 87424K,  94% used [0x0fca0000, 0x14db04f8, 0x14db0600, 0x15200000)
 Metaspace       used 25874K, capacity 26638K, committed 26752K, reserved 27008K
Event: 1797.854 GC heap after
Heap after GC invocations=21 (full 2):
 def new generation   total 39424K, used 1251K [0x05200000, 0x07cc0000, 0x0fca0000)
  eden space 35072K,   0% used [0x05200000, 0x05200000, 0x07440000)
  from space 4352K,  28% used [0x07880000, 0x079b8e70, 0x07cc0000)
  to   space 4352K,   0% used [0x07440000, 0x07440000, 0x07880000)
 tenured generation   total 87424K, used 85152K [0x0fca0000, 0x15200000, 0x25200000)
   the space 87424K,  97% used [0x0fca0000, 0x14fc8130, 0x14fc8200, 0x15200000)
 Metaspace       used 25874K, capacity 26638K, committed 26752K, reserved 27008K
}
Event: 2237.333 GC heap before
{Heap before GC invocations=21 (full 2):
 def new generation   total 39424K, used 36323K [0x05200000, 0x07cc0000, 0x0fca0000)
  eden space 35072K, 100% used [0x05200000, 0x07440000, 0x07440000)
  from space 4352K,  28% used [0x07880000, 0x079b8e70, 0x07cc0000)
  to   space 4352K,   0% used [0x07440000, 0x07440000, 0x07880000)
 tenured generation   total 87424K, used 85152K [0x0fca0000, 0x15200000, 0x25200000)
   the space 87424K,  97% used [0x0fca0000, 0x14fc8130, 0x14fc8200, 0x15200000)
 Metaspace       used 26157K, capacity 26931K, committed 27008K, reserved 27008K
Event: 2237.337 GC heap after
Heap after GC invocations=22 (full 2):
 def new generation   total 39424K, used 1797K [0x05200000, 0x07cc0000, 0x0fca0000)
  eden space 35072K,   0% used [0x05200000, 0x05200000, 0x07440000)
  from space 4352K,  41% used [0x07440000, 0x07601428, 0x07880000)
  to   space 4352K,   0% used [0x07880000, 0x07880000, 0x07cc0000)
 tenured generation   total 87424K, used 85152K [0x0fca0000, 0x15200000, 0x25200000)
   the space 87424K,  97% used [0x0fca0000, 0x14fc8130, 0x14fc8200, 0x15200000)
 Metaspace       used 26157K, capacity 26931K, committed 27008K, reserved 27008K
}
Event: 2436.724 GC heap before
{Heap before GC invocations=22 (full 2):
 def new generation   total 39424K, used 36869K [0x05200000, 0x07cc0000, 0x0fca0000)
  eden space 35072K, 100% used [0x05200000, 0x07440000, 0x07440000)
  from space 4352K,  41% used [0x07440000, 0x07601428, 0x07880000)
  to   space 4352K,   0% used [0x07880000, 0x07880000, 0x07cc0000)
 tenured generation   total 87424K, used 85152K [0x0fca0000, 0x15200000, 0x25200000)
   the space 87424K,  97% used [0x0fca0000, 0x14fc8130, 0x14fc8200, 0x15200000)
 Metaspace       used 26172K, capacity 26934K, committed 27008K, reserved 27008K
Event: 2436.727 GC heap after
Heap after GC invocations=23 (full 2):
 def new generation   total 39424K, used 1762K [0x05200000, 0x07cc0000, 0x0fca0000)
  eden space 35072K,   0% used [0x05200000, 0x05200000, 0x07440000)
  from space 4352K,  40% used [0x07880000, 0x07a38ac0, 0x07cc0000)
  to   space 4352K,   0% used [0x07440000, 0x07440000, 0x07880000)
 tenured generation   total 87424K, used 85152K [0x0fca0000, 0x15200000, 0x25200000)
   the space 87424K,  97% used [0x0fca0000, 0x14fc8130, 0x14fc8200, 0x15200000)
 Metaspace       used 26172K, capacity 26934K, committed 27008K, reserved 27008K
}

